#
# There is insufficient memory for the Java Runtime Environment to continue.
# Native memory allocation (malloc) failed to allocate 32744 bytes for ChunkPool::allocate
# Possible reasons:
#   The system is out of physical RAM or swap space
#   In 32 bit mode, the process size limit was hit
# Possible solutions:
#   Reduce memory load on the system
#   Increase physical memory or swap space
#   Check if swap backing store is full
#   Use 64 bit Java on a 64 bit OS
#   Decrease Java heap size (-Xmx/-Xms)
#   Decrease number of Java threads
#   Decrease Java thread stack sizes (-Xss)
#   Set larger code cache with -XX:ReservedCodeCacheSize=
# This output file may be truncated or incomplete.
#
#  Out of Memory Error (allocation.cpp:273), pid=6960, tid=0x0000000000002b00
#
# JRE version: Java(TM) SE Runtime Environment (8.0_111-b14) (build 1.8.0_111-b14)
# Java VM: Java HotSpot(TM) 64-Bit Server VM (25.111-b14 mixed mode windows-amd64 compressed oops)
# Failed to write core dump. Minidumps are not enabled by default on client versions of Windows
#

---------------  T H R E A D  ---------------

Current thread (0x0000000019487000):  JavaThread "C2 CompilerThread1" daemon [_thread_in_native, id=11008, stack(0x0000000019880000,0x0000000019980000)]

Stack: [0x0000000019880000,0x0000000019980000]
[error occurred during error reporting (printing stack bounds), id 0xc0000005]

Native frames: (J=compiled Java code, j=interpreted, Vv=VM code, C=native code)


Current CompileTask:
C2:  17568 3758       4       org.apache.maven.plugin.war.packaging.AbstractWarPackagingTask::copyFile (102 bytes)


---------------  P R O C E S S  ---------------

Java Threads: ( => current thread )
  0x0000000019501800 JavaThread "Service Thread" daemon [_thread_blocked, id=19164, stack(0x0000000019a80000,0x0000000019b80000)]
  0x0000000019481000 JavaThread "C1 CompilerThread2" daemon [_thread_blocked, id=9508, stack(0x0000000019980000,0x0000000019a80000)]
=>0x0000000019487000 JavaThread "C2 CompilerThread1" daemon [_thread_in_native, id=11008, stack(0x0000000019880000,0x0000000019980000)]
  0x0000000017e8c800 JavaThread "C2 CompilerThread0" daemon [_thread_in_native, id=14800, stack(0x0000000019380000,0x0000000019480000)]
  0x0000000017e40000 JavaThread "Attach Listener" daemon [_thread_blocked, id=14556, stack(0x0000000019280000,0x0000000019380000)]
  0x0000000017e3f000 JavaThread "Signal Dispatcher" daemon [_thread_blocked, id=14828, stack(0x0000000019180000,0x0000000019280000)]
  0x0000000017e1a800 JavaThread "Finalizer" daemon [_thread_blocked, id=11380, stack(0x0000000019080000,0x0000000019180000)]
  0x0000000017df9000 JavaThread "Reference Handler" daemon [_thread_blocked, id=9528, stack(0x0000000018f80000,0x0000000019080000)]
  0x00000000031f0800 JavaThread "main" [_thread_in_native, id=19716, stack(0x0000000002cc0000,0x0000000002dc0000)]

Other Threads:
  0x0000000017df7000 VMThread [stack: 0x0000000018e80000,0x0000000018f80000] [id=1732]
  0x000000001953e000 WatcherThread [stack: 0x0000000019b80000,0x0000000019c80000] [id=9288]

VM state:not at safepoint (normal execution)

VM Mutex/Monitor currently owned by a thread: None

Heap:
 PSYoungGen      total 71680K, used 30229K [0x00000000d5e00000, 0x00000000da900000, 0x0000000100000000)
  eden space 66560K, 37% used [0x00000000d5e00000,0x00000000d768d5a0,0x00000000d9f00000)
  from space 5120K, 99% used [0x00000000d9f00000,0x00000000da3f8020,0x00000000da400000)
  to   space 5120K, 0% used [0x00000000da400000,0x00000000da400000,0x00000000da900000)
 ParOldGen       total 87552K, used 24526K [0x0000000081a00000, 0x0000000086f80000, 0x00000000d5e00000)
  object space 87552K, 28% used [0x0000000081a00000,0x00000000831f38c0,0x0000000086f80000)
 Metaspace       used 19696K, capacity 20208K, committed 20480K, reserved 1067008K
  class space    used 2326K, capacity 2505K, committed 2560K, reserved 1048576K

Card table byte_map: [0x00000000126b0000,0x0000000012ab0000] byte_map_base: 0x00000000122a3000

Marking Bits: (ParMarkBitMap*) 0x000000005b5ca6c0
 Begin Bits: [0x0000000013160000, 0x00000000150f8000)
 End Bits:   [0x00000000150f8000, 0x0000000017090000)

Polling page: 0x0000000001410000

CodeCache: size=245760Kb used=13289Kb max_used=13304Kb free=232470Kb
 bounds [0x00000000032f0000, 0x0000000004000000, 0x00000000122f0000]
 total_blobs=4077 nmethods=3715 adapters=274
 compilation: enabled

Compilation events (10 events):
Event: 15.824 Thread 0x0000000017e8c800 3754       4       java.io.File::setLastModified (50 bytes)
Event: 15.828 Thread 0x0000000017e8c800 nmethod 3754 0x0000000003409d90 code [0x0000000003409f00, 0x000000000340a148]
Event: 15.828 Thread 0x0000000019487000 3755   !   4       sun.misc.Cleaner::clean (35 bytes)
Event: 15.832 Thread 0x0000000019487000 nmethod 3755 0x0000000003fdc890 code [0x0000000003fdca40, 0x0000000003fdd0f8]
Event: 16.973 Thread 0x0000000017e8c800 3756       4       org.apache.maven.plugin.war.util.WebappStructure::getStructure (40 bytes)
Event: 16.974 Thread 0x0000000019487000 3757       4       java.io.FileOutputStream::<init> (114 bytes)
Event: 16.980 Thread 0x0000000019487000 nmethod 3757 0x0000000003fda810 code [0x0000000003fda980, 0x0000000003fdaf28]
Event: 16.980 Thread 0x0000000017e8c800 nmethod 3756 0x0000000003fd8210 code [0x0000000003fd8380, 0x0000000003fd88f8]
Event: 17.000 Thread 0x0000000019487000 3758       4       org.apache.maven.plugin.war.packaging.AbstractWarPackagingTask::copyFile (102 bytes)
Event: 17.002 Thread 0x0000000017e8c800 3759   !   4       org.apache.maven.plugin.war.packaging.AbstractWarPackagingTask::copyFile (242 bytes)

GC Heap History (10 events):
Event: 1.925 GC heap before
{Heap before GC invocations=3 (full 0):
 PSYoungGen      total 38400K, used 38390K [0x00000000d5e00000, 0x00000000da900000, 0x0000000100000000)
  eden space 33280K, 100% used [0x00000000d5e00000,0x00000000d7e80000,0x00000000d7e80000)
  from space 5120K, 99% used [0x00000000d8380000,0x00000000d887da58,0x00000000d8880000)
  to   space 5120K, 0% used [0x00000000d7e80000,0x00000000d7e80000,0x00000000d8380000)
 ParOldGen       total 87552K, used 2603K [0x0000000081a00000, 0x0000000086f80000, 0x00000000d5e00000)
  object space 87552K, 2% used [0x0000000081a00000,0x0000000081c8ac98,0x0000000086f80000)
 Metaspace       used 14885K, capacity 15188K, committed 15488K, reserved 1062912K
  class space    used 1820K, capacity 1912K, committed 1920K, reserved 1048576K
Event: 1.937 GC heap after
Heap after GC invocations=3 (full 0):
 PSYoungGen      total 38400K, used 5112K [0x00000000d5e00000, 0x00000000da900000, 0x0000000100000000)
  eden space 33280K, 0% used [0x00000000d5e00000,0x00000000d5e00000,0x00000000d7e80000)
  from space 5120K, 99% used [0x00000000d7e80000,0x00000000d837e030,0x00000000d8380000)
  to   space 5120K, 0% used [0x00000000da400000,0x00000000da400000,0x00000000da900000)
 ParOldGen       total 87552K, used 5273K [0x0000000081a00000, 0x0000000086f80000, 0x00000000d5e00000)
  object space 87552K, 6% used [0x0000000081a00000,0x0000000081f26498,0x0000000086f80000)
 Metaspace       used 14885K, capacity 15188K, committed 15488K, reserved 1062912K
  class space    used 1820K, capacity 1912K, committed 1920K, reserved 1048576K
}
Event: 2.269 GC heap before
{Heap before GC invocations=4 (full 0):
 PSYoungGen      total 38400K, used 38392K [0x00000000d5e00000, 0x00000000da900000, 0x0000000100000000)
  eden space 33280K, 100% used [0x00000000d5e00000,0x00000000d7e80000,0x00000000d7e80000)
  from space 5120K, 99% used [0x00000000d7e80000,0x00000000d837e030,0x00000000d8380000)
  to   space 5120K, 0% used [0x00000000da400000,0x00000000da400000,0x00000000da900000)
 ParOldGen       total 87552K, used 5273K [0x0000000081a00000, 0x0000000086f80000, 0x00000000d5e00000)
  object space 87552K, 6% used [0x0000000081a00000,0x0000000081f26498,0x0000000086f80000)
 Metaspace       used 15188K, capacity 15468K, committed 15744K, reserved 1062912K
  class space    used 1825K, capacity 1916K, committed 1920K, reserved 1048576K
Event: 2.282 GC heap after
Heap after GC invocations=4 (full 0):
 PSYoungGen      total 71680K, used 5096K [0x00000000d5e00000, 0x00000000da900000, 0x0000000100000000)
  eden space 66560K, 0% used [0x00000000d5e00000,0x00000000d5e00000,0x00000000d9f00000)
  from space 5120K, 99% used [0x00000000da400000,0x00000000da8fa060,0x00000000da900000)
  to   space 5120K, 0% used [0x00000000d9f00000,0x00000000d9f00000,0x00000000da400000)
 ParOldGen       total 87552K, used 7773K [0x0000000081a00000, 0x0000000086f80000, 0x00000000d5e00000)
  object space 87552K, 8% used [0x0000000081a00000,0x00000000821974d8,0x0000000086f80000)
 Metaspace       used 15188K, capacity 15468K, committed 15744K, reserved 1062912K
  class space    used 1825K, capacity 1916K, committed 1920K, reserved 1048576K
}
Event: 3.120 GC heap before
{Heap before GC invocations=5 (full 0):
 PSYoungGen      total 71680K, used 71656K [0x00000000d5e00000, 0x00000000da900000, 0x0000000100000000)
  eden space 66560K, 100% used [0x00000000d5e00000,0x00000000d9f00000,0x00000000d9f00000)
  from space 5120K, 99% used [0x00000000da400000,0x00000000da8fa060,0x00000000da900000)
  to   space 5120K, 0% used [0x00000000d9f00000,0x00000000d9f00000,0x00000000da400000)
 ParOldGen       total 87552K, used 7773K [0x0000000081a00000, 0x0000000086f80000, 0x00000000d5e00000)
  object space 87552K, 8% used [0x0000000081a00000,0x00000000821974d8,0x0000000086f80000)
 Metaspace       used 16296K, capacity 16654K, committed 16896K, reserved 1064960K
  class space    used 1926K, capacity 2027K, committed 2048K, reserved 1048576K
Event: 3.145 GC heap after
Heap after GC invocations=5 (full 0):
 PSYoungGen      total 71680K, used 5096K [0x00000000d5e00000, 0x00000000da900000, 0x0000000100000000)
  eden space 66560K, 0% used [0x00000000d5e00000,0x00000000d5e00000,0x00000000d9f00000)
  from space 5120K, 99% used [0x00000000d9f00000,0x00000000da3fa040,0x00000000da400000)
  to   space 5120K, 0% used [0x00000000da400000,0x00000000da400000,0x00000000da900000)
 ParOldGen       total 87552K, used 12056K [0x0000000081a00000, 0x0000000086f80000, 0x00000000d5e00000)
  object space 87552K, 13% used [0x0000000081a00000,0x00000000825c60f0,0x0000000086f80000)
 Metaspace       used 16296K, capacity 16654K, committed 16896K, reserved 1064960K
  class space    used 1926K, capacity 2027K, committed 2048K, reserved 1048576K
}
Event: 4.260 GC heap before
{Heap before GC invocations=6 (full 0):
 PSYoungGen      total 71680K, used 71656K [0x00000000d5e00000, 0x00000000da900000, 0x0000000100000000)
  eden space 66560K, 100% used [0x00000000d5e00000,0x00000000d9f00000,0x00000000d9f00000)
  from space 5120K, 99% used [0x00000000d9f00000,0x00000000da3fa040,0x00000000da400000)
  to   space 5120K, 0% used [0x00000000da400000,0x00000000da400000,0x00000000da900000)
 ParOldGen       total 87552K, used 12056K [0x0000000081a00000, 0x0000000086f80000, 0x00000000d5e00000)
  object space 87552K, 13% used [0x0000000081a00000,0x00000000825c60f0,0x0000000086f80000)
 Metaspace       used 18308K, capacity 18880K, committed 19072K, reserved 1067008K
  class space    used 2175K, capacity 2343K, committed 2432K, reserved 1048576K
Event: 4.273 GC heap after
Heap after GC invocations=6 (full 0):
 PSYoungGen      total 71680K, used 5112K [0x00000000d5e00000, 0x00000000da900000, 0x0000000100000000)
  eden space 66560K, 0% used [0x00000000d5e00000,0x00000000d5e00000,0x00000000d9f00000)
  from space 5120K, 99% used [0x00000000da400000,0x00000000da8fe030,0x00000000da900000)
  to   space 5120K, 0% used [0x00000000d9f00000,0x00000000d9f00000,0x00000000da400000)
 ParOldGen       total 87552K, used 16020K [0x0000000081a00000, 0x0000000086f80000, 0x00000000d5e00000)
  object space 87552K, 18% used [0x0000000081a00000,0x00000000829a5308,0x0000000086f80000)
 Metaspace       used 18308K, capacity 18880K, committed 19072K, reserved 1067008K
  class space    used 2175K, capacity 2343K, committed 2432K, reserved 1048576K
}
Event: 13.857 GC heap before
{Heap before GC invocations=7 (full 0):
 PSYoungGen      total 71680K, used 71672K [0x00000000d5e00000, 0x00000000da900000, 0x0000000100000000)
  eden space 66560K, 100% used [0x00000000d5e00000,0x00000000d9f00000,0x00000000d9f00000)
  from space 5120K, 99% used [0x00000000da400000,0x00000000da8fe030,0x00000000da900000)
  to   space 5120K, 0% used [0x00000000d9f00000,0x00000000d9f00000,0x00000000da400000)
 ParOldGen       total 87552K, used 16020K [0x0000000081a00000, 0x0000000086f80000, 0x00000000d5e00000)
  object space 87552K, 18% used [0x0000000081a00000,0x00000000829a5308,0x0000000086f80000)
 Metaspace       used 19695K, capacity 20208K, committed 20480K, reserved 1067008K
  class space    used 2326K, capacity 2505K, committed 2560K, reserved 1048576K
Event: 13.879 GC heap after
Heap after GC invocations=7 (full 0):
 PSYoungGen      total 71680K, used 5088K [0x00000000d5e00000, 0x00000000da900000, 0x0000000100000000)
  eden space 66560K, 0% used [0x00000000d5e00000,0x00000000d5e00000,0x00000000d9f00000)
  from space 5120K, 99% used [0x00000000d9f00000,0x00000000da3f8020,0x00000000da400000)
  to   space 5120K, 0% used [0x00000000da400000,0x00000000da400000,0x00000000da900000)
 ParOldGen       total 87552K, used 24526K [0x0000000081a00000, 0x0000000086f80000, 0x00000000d5e00000)
  object space 87552K, 28% used [0x0000000081a00000,0x00000000831f38c0,0x0000000086f80000)
 Metaspace       used 19695K, capacity 20208K, committed 20480K, reserved 1067008K
  class space    used 2326K, capacity 2505K, committed 2560K, reserved 1048576K
}

Deoptimization events (10 events):
Event: 4.439 Thread 0x00000000031f0800 Uncommon trap: reason=bimorphic action=maybe_recompile pc=0x0000000003e7ca28 method=java.util.regex.Pattern$Slice.match(Ljava/util/regex/Matcher;ILjava/lang/CharSequence;)Z @ 49
Event: 4.439 Thread 0x00000000031f0800 Uncommon trap: reason=bimorphic action=maybe_recompile pc=0x0000000003a7b918 method=java.util.regex.Pattern$BmpCharProperty.match(Ljava/util/regex/Matcher;ILjava/lang/CharSequence;)Z @ 11
Event: 4.439 Thread 0x00000000031f0800 Uncommon trap: reason=bimorphic action=maybe_recompile pc=0x0000000003a7b918 method=java.util.regex.Pattern$BmpCharProperty.match(Ljava/util/regex/Matcher;ILjava/lang/CharSequence;)Z @ 11
Event: 4.439 Thread 0x00000000031f0800 Uncommon trap: reason=bimorphic action=maybe_recompile pc=0x0000000003a7b918 method=java.util.regex.Pattern$BmpCharProperty.match(Ljava/util/regex/Matcher;ILjava/lang/CharSequence;)Z @ 11
Event: 4.439 Thread 0x00000000031f0800 Uncommon trap: reason=bimorphic action=maybe_recompile pc=0x0000000003a7b918 method=java.util.regex.Pattern$BmpCharProperty.match(Ljava/util/regex/Matcher;ILjava/lang/CharSequence;)Z @ 11
Event: 4.451 Thread 0x00000000031f0800 Uncommon trap: reason=bimorphic action=maybe_recompile pc=0x0000000003df7dd4 method=java.util.regex.Matcher.getTextLength()I @ 4
Event: 4.499 Thread 0x00000000031f0800 Uncommon trap: reason=unstable_if action=reinterpret pc=0x0000000003f41d14 method=org.codehaus.plexus.util.SelectorUtils.match([C[CZ)Z @ 111
Event: 4.582 Thread 0x00000000031f0800 Uncommon trap: reason=unstable_if action=reinterpret pc=0x0000000003f4fa1c method=org.codehaus.plexus.util.SelectorUtils.equals(CCZ)Z @ 2
Event: 4.651 Thread 0x00000000031f0800 Uncommon trap: reason=unstable_if action=reinterpret pc=0x0000000003f429dc method=org.codehaus.plexus.util.SelectorUtils.match([C[CZ)Z @ 166
Event: 13.072 Thread 0x00000000031f0800 Uncommon trap: reason=unstable_if action=reinterpret pc=0x0000000003f75598 method=java.io.WinNTFileSystem.parentOrNull(Ljava/lang/String;)Ljava/lang/String; @ 76

Internal exceptions (10 events):
Event: 1.442 Thread 0x00000000031f0800 Exception <a 'java/lang/NullPointerException'> (0x00000000d658a980) thrown at [C:\re\workspace\8-2-build-windows-amd64-cygwin\jdk8u111\7883\hotspot\src\share\vm\interpreter\linkResolver.cpp, line 1178]
Event: 1.442 Thread 0x00000000031f0800 Exception <a 'java/lang/NullPointerException'> (0x00000000d658ab98) thrown at [C:\re\workspace\8-2-build-windows-amd64-cygwin\jdk8u111\7883\hotspot\src\share\vm\interpreter\linkResolver.cpp, line 1178]
Event: 1.442 Thread 0x00000000031f0800 Exception <a 'java/lang/NullPointerException'> (0x00000000d658adb0) thrown at [C:\re\workspace\8-2-build-windows-amd64-cygwin\jdk8u111\7883\hotspot\src\share\vm\interpreter\linkResolver.cpp, line 1178]
Event: 1.443 Thread 0x00000000031f0800 Exception <a 'java/lang/NullPointerException'> (0x00000000d65a2800) thrown at [C:\re\workspace\8-2-build-windows-amd64-cygwin\jdk8u111\7883\hotspot\src\share\vm\interpreter\linkResolver.cpp, line 1178]
Event: 1.443 Thread 0x00000000031f0800 Exception <a 'java/lang/NullPointerException'> (0x00000000d65a2a18) thrown at [C:\re\workspace\8-2-build-windows-amd64-cygwin\jdk8u111\7883\hotspot\src\share\vm\interpreter\linkResolver.cpp, line 1178]
Event: 1.443 Thread 0x00000000031f0800 Exception <a 'java/lang/NullPointerException'> (0x00000000d65a2c30) thrown at [C:\re\workspace\8-2-build-windows-amd64-cygwin\jdk8u111\7883\hotspot\src\share\vm\interpreter\linkResolver.cpp, line 1178]
Event: 1.670 Thread 0x00000000031f0800 Implicit null exception at 0x00000000036aead5 to 0x00000000036aeca5
Event: 1.670 Thread 0x00000000031f0800 Implicit null exception at 0x00000000035e0c2f to 0x00000000035e0c99
Event: 1.806 Thread 0x00000000031f0800 Implicit null exception at 0x00000000039443a6 to 0x00000000039456e5
Event: 4.292 Thread 0x00000000031f0800 Implicit null exception at 0x000000000369b6fb to 0x000000000369bce1

Events (10 events):
Event: 13.882 Executing VM operation: RevokeBias
Event: 13.882 Executing VM operation: RevokeBias done
Event: 13.882 Executing VM operation: RevokeBias
Event: 13.882 Executing VM operation: RevokeBias done
Event: 13.882 Executing VM operation: RevokeBias
Event: 13.882 Executing VM operation: RevokeBias done
Event: 13.882 Executing VM operation: RevokeBias
Event: 13.883 Executing VM operation: RevokeBias done
Event: 13.883 Executing VM operation: BulkRevokeBias
Event: 13.883 Executing VM operation: BulkRevokeBias done


Dynamic libraries:
0x00007ff6d4de0000 - 0x00007ff6d4e17000 	D:\softwares\jdk1.8\bin\javaw.exe
0x00007ffc4b390000 - 0x00007ffc4b571000 	C:\WINDOWS\SYSTEM32\ntdll.dll
0x00007ffc48820000 - 0x00007ffc488d2000 	C:\WINDOWS\System32\KERNEL32.DLL
0x00007ffc47960000 - 0x00007ffc47bd3000 	C:\WINDOWS\System32\KERNELBASE.dll
0x00007ffc48930000 - 0x00007ffc489d1000 	C:\WINDOWS\System32\ADVAPI32.dll
0x00007ffc490a0000 - 0x00007ffc4913e000 	C:\WINDOWS\System32\msvcrt.dll
0x00007ffc4aaf0000 - 0x00007ffc4ab4b000 	C:\WINDOWS\System32\sechost.dll
0x00007ffc49140000 - 0x00007ffc49264000 	C:\WINDOWS\System32\RPCRT4.dll
0x00007ffc4ab90000 - 0x00007ffc4ad20000 	C:\WINDOWS\System32\USER32.dll
0x00007ffc48610000 - 0x00007ffc48630000 	C:\WINDOWS\System32\win32u.dll
0x00007ffc488e0000 - 0x00007ffc48908000 	C:\WINDOWS\System32\GDI32.dll
0x00007ffc47d60000 - 0x00007ffc47ef2000 	C:\WINDOWS\System32\gdi32full.dll
0x00007ffc47c40000 - 0x00007ffc47cdf000 	C:\WINDOWS\System32\msvcp_win.dll
0x00007ffc47860000 - 0x00007ffc4795a000 	C:\WINDOWS\System32\ucrtbase.dll
0x00007ffc3c870000 - 0x00007ffc3cad9000 	C:\WINDOWS\WinSxS\amd64_microsoft.windows.common-controls_6595b64144ccf1df_6.0.17134.228_none_fb4599993062b194\COMCTL32.dll
0x00007ffc4a7c0000 - 0x00007ffc4aae3000 	C:\WINDOWS\System32\combase.dll
0x00007ffc47ce0000 - 0x00007ffc47d5a000 	C:\WINDOWS\System32\bcryptPrimitives.dll
0x00007ffc4ab60000 - 0x00007ffc4ab8d000 	C:\WINDOWS\System32\IMM32.DLL
0x000000005a540000 - 0x000000005a612000 	D:\softwares\jdk1.8\jre\bin\msvcr100.dll
0x000000005adb0000 - 0x000000005b64a000 	D:\softwares\jdk1.8\jre\bin\server\jvm.dll
0x00007ffc4ab50000 - 0x00007ffc4ab58000 	C:\WINDOWS\System32\PSAPI.DLL
0x00007ffc40b60000 - 0x00007ffc40b6a000 	C:\WINDOWS\SYSTEM32\VERSION.dll
0x00007ffc457d0000 - 0x00007ffc457f3000 	C:\WINDOWS\SYSTEM32\WINMM.dll
0x00007ffc2da30000 - 0x00007ffc2da39000 	C:\WINDOWS\SYSTEM32\WSOCK32.dll
0x00007ffc4aea0000 - 0x00007ffc4af0c000 	C:\WINDOWS\System32\WS2_32.dll
0x00007ffc45760000 - 0x00007ffc4578a000 	C:\WINDOWS\SYSTEM32\WINMMBASE.dll
0x00007ffc47810000 - 0x00007ffc47859000 	C:\WINDOWS\System32\cfgmgr32.dll
0x000000005ada0000 - 0x000000005adaf000 	D:\softwares\jdk1.8\jre\bin\verify.dll
0x000000005aa40000 - 0x000000005aa69000 	D:\softwares\jdk1.8\jre\bin\java.dll
0x000000005a9f0000 - 0x000000005aa06000 	D:\softwares\jdk1.8\jre\bin\zip.dll
0x00007ffc49320000 - 0x00007ffc4a760000 	C:\WINDOWS\System32\SHELL32.dll
0x00007ffc49270000 - 0x00007ffc49319000 	C:\WINDOWS\System32\shcore.dll
0x00007ffc47f00000 - 0x00007ffc4860d000 	C:\WINDOWS\System32\windows.storage.dll
0x00007ffc49040000 - 0x00007ffc49091000 	C:\WINDOWS\System32\shlwapi.dll
0x00007ffc47740000 - 0x00007ffc47751000 	C:\WINDOWS\System32\kernel.appcore.dll
0x00007ffc476d0000 - 0x00007ffc476ef000 	C:\WINDOWS\System32\profapi.dll
0x00007ffc476f0000 - 0x00007ffc4773c000 	C:\WINDOWS\System32\powrprof.dll
0x00007ffc476a0000 - 0x00007ffc476aa000 	C:\WINDOWS\System32\FLTLIB.DLL
0x000000005a9d0000 - 0x000000005a9ea000 	D:\softwares\jdk1.8\jre\bin\net.dll
0x00007ffc46f20000 - 0x00007ffc46f86000 	C:\WINDOWS\system32\mswsock.dll
0x000000005a9b0000 - 0x000000005a9c1000 	D:\softwares\jdk1.8\jre\bin\nio.dll

VM Arguments:
jvm_args: -Dmaven.home=EMBEDDED -Dclassworlds.conf=E:\xinhua\dl_ws1\.metadata\.plugins\org.eclipse.m2e.launching\launches\m2conf7800940072276561129.tmp -Dmaven.multiModuleProjectDirectory=E:\xinhua\dlGitProject1\lotteryManager -Dfile.encoding=GBK 
java_command: org.codehaus.plexus.classworlds.launcher.Launcher -B -s E:\xinhua\settings.xml install
java_class_path (initial): /E:/xinhua/pgt/eclipse/plugins/org.eclipse.m2e.maven.runtime_1.8.0.20170516-2042/jars/plexus-classworlds-2.5.2.jar
Launcher Type: SUN_STANDARD

Environment Variables:
JAVA_HOME=D:\softwares\jdk1.8
PATH=D:/softwares/jdk1.8/bin/../jre/bin/server;D:/softwares/jdk1.8/bin/../jre/bin;D:/softwares/jdk1.8/bin/../jre/lib/amd64;D:\softwares\jdk1.8\bin;C:\ProgramData\Oracle\Java\javapath;C:\Windows\system32;C:\Windows;C:\Windows\System32\Wbem;C:\Windows\System32\WindowsPowerShell\v1.0\;C:\Program Files (x86)\NVIDIA Corporation\PhysX\Common;C:\Program Files\Intel\WiFi\bin\;C:\Program Files\Common Files\Intel\WirelessCommon\;C:\WINDOWS\system32;C:\WINDOWS;C:\WINDOWS\System32\Wbem;C:\WINDOWS\System32\WindowsPowerShell\v1.0\;C:\Program Files\nodejs;C:\Program Files\MySQL\MySQL Utilities 1.6\;E:\software\apache-maven-3.5.0\bin;E:\xinhua\Git\cmd;E:\xinhua\nodejs\;C:\WINDOWS\System32\OpenSSH\;C:\Users\zzr\AppData\Local\Microsoft\WindowsApps;D:\softwares\Microsoft VS Code\bin;C:\Users\zzr\AppData\Local\GitHubDesktop\bin;C:\Users\zzr\AppData\Local\Microsoft\WindowsApps;C:\Users\zzr\AppData\Roaming\npm;;E:\xinhua\pgt\eclipse;
USERNAME=zzr
OS=Windows_NT
PROCESSOR_IDENTIFIER=Intel64 Family 6 Model 78 Stepping 3, GenuineIntel



---------------  S Y S T E M  ---------------

OS: Windows 10.0 , 64 bit Build 17134 (10.0.17134.1)

CPU:total 4 (2 cores per cpu, 2 threads per core) family 6 model 78 stepping 3, cmov, cx8, fxsr, mmx, sse, sse2, sse3, ssse3, sse4.1, sse4.2, popcnt, avx, avx2, aes, clmul, erms, 3dnowpref, lzcnt, ht, tsc, tscinvbit, bmi1, bmi2, adx

Memory: 4k page, physical 8281888k(1767096k free), swap 8281888k(4156k free)

vm_info: Java HotSpot(TM) 64-Bit Server VM (25.111-b14) for windows-amd64 JRE (1.8.0_111-b14), built on Sep 22 2016 19:24:05 by "java_re" with MS VC++ 10.0 (VS2010)

time: Fri Aug 31 15:02:26 2018
elapsed time: 17 seconds (0d 0h 0m 17s)

